#
# There is insufficient memory for the Java Runtime Environment to continue.
# Native memory allocation (malloc) failed to allocate 174063616 bytes for committing reserved memory.
# Possible reasons:
#   The system is out of physical RAM or swap space
#   In 32 bit mode, the process size limit was hit
# Possible solutions:
#   Reduce memory load on the system
#   Increase physical memory or swap space
#   Check if swap backing store is full
#   Use 64 bit Java on a 64 bit OS
#   Decrease Java heap size (-Xmx/-Xms)
#   Decrease number of Java threads
#   Decrease Java thread stack sizes (-Xss)
#   Set larger code cache with -XX:ReservedCodeCacheSize=
# This output file may be truncated or incomplete.
#
#  Out of Memory Error (os_linux.cpp:2827), pid=1918, tid=139639908550400
#
# JRE version:  (7.0_101) (build )
# Java VM: OpenJDK 64-Bit Server VM (24.95-b01 mixed mode linux-amd64 compressed oops)
# Derivative: IcedTea 2.6.6
# Distribution: Ubuntu 14.04 LTS, package 7u101-2.6.6-0ubuntu0.14.04.1
# Failed to write core dump. Core dumps have been disabled. To enable core dumping, try "ulimit -c unlimited" before starting Java again
#

---------------  T H R E A D  ---------------

Current thread (0x00007f006c00a000):  JavaThread "Unknown thread" [_thread_in_vm, id=1919, stack(0x00007f0073154000,0x00007f0073255000)]

Stack: [0x00007f0073154000,0x00007f0073255000],  sp=0x00007f00732534f0,  free space=1021k
Native frames: (J=compiled Java code, j=interpreted, Vv=VM code, C=native code)
V  [libjvm.so+0x955705]
V  [libjvm.so+0x490c44]
V  [libjvm.so+0x7d0c9b]
V  [libjvm.so+0x7cb75f]
V  [libjvm.so+0x83ee5b]
V  [libjvm.so+0x82f7ce]
V  [libjvm.so+0x2a7b2f]
V  [libjvm.so+0x7f2310]
V  [libjvm.so+0x9260f7]
V  [libjvm.so+0x926427]
V  [libjvm.so+0x5a3dc5]
V  [libjvm.so+0x90be4f]
V  [libjvm.so+0x60fb54]  JNI_CreateJavaVM+0x54
C  [libjli.so+0x2b48]


---------------  P R O C E S S  ---------------

Java Threads: ( => current thread )

Other Threads:

=>0x00007f006c00a000 (exited) JavaThread "Unknown thread" [_thread_in_vm, id=1919, stack(0x00007f0073154000,0x00007f0073255000)]

VM state:not at safepoint (not fully initialized)

VM Mutex/Monitor currently owned by a thread: None

GC Heap History (0 events):
No events

Deoptimization events (0 events):
No events

Internal exceptions (0 events):
No events

Events (0 events):
No events


Dynamic libraries:
00400000-00401000 r-xp 00000000 08:01 1057258                            /usr/lib/jvm/java-7-openjdk-amd64/jre/bin/java
00600000-00601000 r--p 00000000 08:01 1057258                            /usr/lib/jvm/java-7-openjdk-amd64/jre/bin/java
00601000-00602000 rw-p 00001000 08:01 1057258                            /usr/lib/jvm/java-7-openjdk-amd64/jre/bin/java
00c69000-00c8a000 rw-p 00000000 00:00 0                                  [heap]
6fc000000-706600000 rw-p 00000000 00:00 0 
710c00000-7acc80000 rw-p 00000000 00:00 0 
7acc80000-7b2000000 rw-p 00000000 00:00 0 
7b2000000-800000000 rw-p 00000000 00:00 0 
7f00683cb000-7f0068951000 rw-p 00000000 00:00 0 
7f0068951000-7f006897b000 rw-p 00000000 00:00 0 
7f006897b000-7f0068beb000 rw-p 00000000 00:00 0 
7f0068beb000-7f0068bec000 rw-p 00000000 00:00 0 
7f0068bec000-7f0068e5c000 rwxp 00000000 00:00 0 
7f0068e5c000-7f006bbec000 rw-p 00000000 00:00 0 
7f006bbec000-7f006bbf4000 r-xp 00000000 08:01 1059375                    /usr/lib/jvm/java-7-openjdk-amd64/jre/lib/amd64/libzip.so
7f006bbf4000-7f006bdf3000 ---p 00008000 08:01 1059375                    /usr/lib/jvm/java-7-openjdk-amd64/jre/lib/amd64/libzip.so
7f006bdf3000-7f006bdf4000 r--p 00007000 08:01 1059375                    /usr/lib/jvm/java-7-openjdk-amd64/jre/lib/amd64/libzip.so
7f006bdf4000-7f006bdf5000 rw-p 00008000 08:01 1059375                    /usr/lib/jvm/java-7-openjdk-amd64/jre/lib/amd64/libzip.so
7f006bdf5000-7f006bdff000 r-xp 00000000 08:01 7875471                    /lib/x86_64-linux-gnu/libnss_files-2.19.so
7f006bdff000-7f006bffe000 ---p 0000a000 08:01 7875471                    /lib/x86_64-linux-gnu/libnss_files-2.19.so
7f006bffe000-7f006bfff000 r--p 00009000 08:01 7875471                    /lib/x86_64-linux-gnu/libnss_files-2.19.so
7f006bfff000-7f006c000000 rw-p 0000a000 08:01 7875471                    /lib/x86_64-linux-gnu/libnss_files-2.19.so
7f006c000000-7f006c023000 rw-p 00000000 00:00 0 
7f006c023000-7f0070000000 ---p 00000000 00:00 0 
7f00701b9000-7f00701c4000 r-xp 00000000 08:01 7875439                    /lib/x86_64-linux-gnu/libnss_nis-2.19.so
7f00701c4000-7f00703c3000 ---p 0000b000 08:01 7875439                    /lib/x86_64-linux-gnu/libnss_nis-2.19.so
7f00703c3000-7f00703c4000 r--p 0000a000 08:01 7875439                    /lib/x86_64-linux-gnu/libnss_nis-2.19.so
7f00703c4000-7f00703c5000 rw-p 0000b000 08:01 7875439                    /lib/x86_64-linux-gnu/libnss_nis-2.19.so
7f00703c5000-7f00703dc000 r-xp 00000000 08:01 7875432                    /lib/x86_64-linux-gnu/libnsl-2.19.so
7f00703dc000-7f00705db000 ---p 00017000 08:01 7875432                    /lib/x86_64-linux-gnu/libnsl-2.19.so
7f00705db000-7f00705dc000 r--p 00016000 08:01 7875432                    /lib/x86_64-linux-gnu/libnsl-2.19.so
7f00705dc000-7f00705dd000 rw-p 00017000 08:01 7875432                    /lib/x86_64-linux-gnu/libnsl-2.19.so
7f00705dd000-7f00705df000 rw-p 00000000 00:00 0 
7f00705df000-7f00705e8000 r-xp 00000000 08:01 7875429                    /lib/x86_64-linux-gnu/libnss_compat-2.19.so
7f00705e8000-7f00707e7000 ---p 00009000 08:01 7875429                    /lib/x86_64-linux-gnu/libnss_compat-2.19.so
7f00707e7000-7f00707e8000 r--p 00008000 08:01 7875429                    /lib/x86_64-linux-gnu/libnss_compat-2.19.so
7f00707e8000-7f00707e9000 rw-p 00009000 08:01 7875429                    /lib/x86_64-linux-gnu/libnss_compat-2.19.so
7f00707e9000-7f0070814000 r-xp 00000000 08:01 1057666                    /usr/lib/jvm/java-7-openjdk-amd64/jre/lib/amd64/libjava.so
7f0070814000-7f0070a14000 ---p 0002b000 08:01 1057666                    /usr/lib/jvm/java-7-openjdk-amd64/jre/lib/amd64/libjava.so
7f0070a14000-7f0070a15000 r--p 0002b000 08:01 1057666                    /usr/lib/jvm/java-7-openjdk-amd64/jre/lib/amd64/libjava.so
7f0070a15000-7f0070a17000 rw-p 0002c000 08:01 1057666                    /usr/lib/jvm/java-7-openjdk-amd64/jre/lib/amd64/libjava.so
7f0070a17000-7f0070a27000 r-xp 00000000 08:01 1058481                    /usr/lib/jvm/java-7-openjdk-amd64/jre/lib/amd64/libverify.so
7f0070a27000-7f0070c26000 ---p 00010000 08:01 1058481                    /usr/lib/jvm/java-7-openjdk-amd64/jre/lib/amd64/libverify.so
7f0070c26000-7f0070c28000 r--p 0000f000 08:01 1058481                    /usr/lib/jvm/java-7-openjdk-amd64/jre/lib/amd64/libverify.so
7f0070c28000-7f0070c29000 rw-p 00011000 08:01 1058481                    /usr/lib/jvm/java-7-openjdk-amd64/jre/lib/amd64/libverify.so
7f0070c29000-7f0070c30000 r-xp 00000000 08:01 7875455                    /lib/x86_64-linux-gnu/librt-2.19.so
7f0070c30000-7f0070e2f000 ---p 00007000 08:01 7875455                    /lib/x86_64-linux-gnu/librt-2.19.so
7f0070e2f000-7f0070e30000 r--p 00006000 08:01 7875455                    /lib/x86_64-linux-gnu/librt-2.19.so
7f0070e30000-7f0070e31000 rw-p 00007000 08:01 7875455                    /lib/x86_64-linux-gnu/librt-2.19.so
7f0070e31000-7f0070e47000 r-xp 00000000 08:01 7866132                    /lib/x86_64-linux-gnu/libgcc_s.so.1
7f0070e47000-7f0071046000 ---p 00016000 08:01 7866132                    /lib/x86_64-linux-gnu/libgcc_s.so.1
7f0071046000-7f0071047000 rw-p 00015000 08:01 7866132                    /lib/x86_64-linux-gnu/libgcc_s.so.1
7f0071047000-7f007114c000 r-xp 00000000 08:01 7871912                    /lib/x86_64-linux-gnu/libm-2.19.so
7f007114c000-7f007134b000 ---p 00105000 08:01 7871912                    /lib/x86_64-linux-gnu/libm-2.19.so
7f007134b000-7f007134c000 r--p 00104000 08:01 7871912                    /lib/x86_64-linux-gnu/libm-2.19.so
7f007134c000-7f007134d000 rw-p 00105000 08:01 7871912                    /lib/x86_64-linux-gnu/libm-2.19.so
7f007134d000-7f0071433000 r-xp 00000000 08:01 526339                     /usr/lib/x86_64-linux-gnu/libstdc++.so.6.0.19
7f0071433000-7f0071632000 ---p 000e6000 08:01 526339                     /usr/lib/x86_64-linux-gnu/libstdc++.so.6.0.19
7f0071632000-7f007163a000 r--p 000e5000 08:01 526339                     /usr/lib/x86_64-linux-gnu/libstdc++.so.6.0.19
7f007163a000-7f007163c000 rw-p 000ed000 08:01 526339                     /usr/lib/x86_64-linux-gnu/libstdc++.so.6.0.19
7f007163c000-7f0071651000 rw-p 00000000 00:00 0 
7f0071651000-7f0072176000 r-xp 00000000 08:01 1059373                    /usr/lib/jvm/java-7-openjdk-amd64/jre/lib/amd64/server/libjvm.so
7f0072176000-7f0072376000 ---p 00b25000 08:01 1059373                    /usr/lib/jvm/java-7-openjdk-amd64/jre/lib/amd64/server/libjvm.so
7f0072376000-7f0072410000 r--p 00b25000 08:01 1059373                    /usr/lib/jvm/java-7-openjdk-amd64/jre/lib/amd64/server/libjvm.so
7f0072410000-7f0072433000 rw-p 00bbf000 08:01 1059373                    /usr/lib/jvm/java-7-openjdk-amd64/jre/lib/amd64/server/libjvm.so
7f0072433000-7f0072462000 rw-p 00000000 00:00 0 
7f0072462000-7f007247a000 r-xp 00000000 08:01 7865426                    /lib/x86_64-linux-gnu/libz.so.1.2.8
7f007247a000-7f0072679000 ---p 00018000 08:01 7865426                    /lib/x86_64-linux-gnu/libz.so.1.2.8
7f0072679000-7f007267a000 r--p 00017000 08:01 7865426                    /lib/x86_64-linux-gnu/libz.so.1.2.8
7f007267a000-7f007267b000 rw-p 00018000 08:01 7865426                    /lib/x86_64-linux-gnu/libz.so.1.2.8
7f007267b000-7f0072694000 r-xp 00000000 08:01 7875434                    /lib/x86_64-linux-gnu/libpthread-2.19.so
7f0072694000-7f0072893000 ---p 00019000 08:01 7875434                    /lib/x86_64-linux-gnu/libpthread-2.19.so
7f0072893000-7f0072894000 r--p 00018000 08:01 7875434                    /lib/x86_64-linux-gnu/libpthread-2.19.so
7f0072894000-7f0072895000 rw-p 00019000 08:01 7875434                    /lib/x86_64-linux-gnu/libpthread-2.19.so
7f0072895000-7f0072899000 rw-p 00000000 00:00 0 
7f0072899000-7f007289c000 r-xp 00000000 08:01 7875423                    /lib/x86_64-linux-gnu/libdl-2.19.so
7f007289c000-7f0072a9b000 ---p 00003000 08:01 7875423                    /lib/x86_64-linux-gnu/libdl-2.19.so
7f0072a9b000-7f0072a9c000 r--p 00002000 08:01 7875423                    /lib/x86_64-linux-gnu/libdl-2.19.so
7f0072a9c000-7f0072a9d000 rw-p 00003000 08:01 7875423                    /lib/x86_64-linux-gnu/libdl-2.19.so
7f0072a9d000-7f0072c57000 r-xp 00000000 08:01 7875459                    /lib/x86_64-linux-gnu/libc-2.19.so
7f0072c57000-7f0072e57000 ---p 001ba000 08:01 7875459                    /lib/x86_64-linux-gnu/libc-2.19.so
7f0072e57000-7f0072e5b000 r--p 001ba000 08:01 7875459                    /lib/x86_64-linux-gnu/libc-2.19.so
7f0072e5b000-7f0072e5d000 rw-p 001be000 08:01 7875459                    /lib/x86_64-linux-gnu/libc-2.19.so
7f0072e5d000-7f0072e62000 rw-p 00000000 00:00 0 
7f0072e62000-7f0072e6f000 r-xp 00000000 08:01 1064984                    /usr/lib/jvm/java-7-openjdk-amd64/jre/lib/amd64/jli/libjli.so
7f0072e6f000-7f007306e000 ---p 0000d000 08:01 1064984                    /usr/lib/jvm/java-7-openjdk-amd64/jre/lib/amd64/jli/libjli.so
7f007306e000-7f007306f000 r--p 0000c000 08:01 1064984                    /usr/lib/jvm/java-7-openjdk-amd64/jre/lib/amd64/jli/libjli.so
7f007306f000-7f0073070000 rw-p 0000d000 08:01 1064984                    /usr/lib/jvm/java-7-openjdk-amd64/jre/lib/amd64/jli/libjli.so
7f0073070000-7f0073093000 r-xp 00000000 08:01 7875435                    /lib/x86_64-linux-gnu/ld-2.19.so
7f0073094000-7f007309e000 rw-p 00000000 00:00 0 
7f007309e000-7f0073154000 rw-p 00000000 00:00 0 
7f0073154000-7f0073157000 ---p 00000000 00:00 0 
7f0073157000-7f007325a000 rw-p 00000000 00:00 0                          [stack:1919]
7f0073284000-7f0073286000 rw-p 00000000 00:00 0 
7f0073286000-7f007328e000 rw-s 00000000 08:01 9721518                    /tmp/hsperfdata_gudni/1918
7f007328e000-7f007328f000 rw-p 00000000 00:00 0 
7f007328f000-7f0073290000 r--p 00000000 00:00 0 
7f0073290000-7f0073292000 rw-p 00000000 00:00 0 
7f0073292000-7f0073293000 r--p 00022000 08:01 7875435                    /lib/x86_64-linux-gnu/ld-2.19.so
7f0073293000-7f0073294000 rw-p 00023000 08:01 7875435                    /lib/x86_64-linux-gnu/ld-2.19.so
7f0073294000-7f0073295000 rw-p 00000000 00:00 0 
7ffdc9930000-7ffdc9951000 rw-p 00000000 00:00 0                          [stack]
7ffdc9988000-7ffdc998a000 r-xp 00000000 00:00 0                          [vdso]
ffffffffff600000-ffffffffff601000 r-xp 00000000 00:00 0                  [vsyscall]

VM Arguments:
java_command: /home/gudni/Downloads/bfg-1.12.12.jar --strip-blobs-bigger-than 100M presentations.git
Launcher Type: SUN_STANDARD

Environment Variables:
PATH=/home/gudni/anaconda2/bin:/mnt/sdb1/Codes/julia/sourceCode:/home/gudni/bin:/usr/local/sbin:/usr/local/bin:/usr/sbin:/usr/bin:/sbin:/bin:/usr/games:/usr/local/games
LD_LIBRARY_PATH=:/home/gudni/anaconda2/pkgs/hdf5-1.8.15.1-2/lib
SHELL=/bin/bash
DISPLAY=:0

Signal Handlers:
SIGSEGV: [libjvm.so+0x9561e0], sa_mask[0]=0x7ffbfeff, sa_flags=0x10000004
SIGBUS: [libjvm.so+0x9561e0], sa_mask[0]=0x7ffbfeff, sa_flags=0x10000004
SIGFPE: [libjvm.so+0x7cc4d0], sa_mask[0]=0x7ffbfeff, sa_flags=0x10000004
SIGPIPE: [libjvm.so+0x7cc4d0], sa_mask[0]=0x7ffbfeff, sa_flags=0x10000004
SIGXFSZ: [libjvm.so+0x7cc4d0], sa_mask[0]=0x7ffbfeff, sa_flags=0x10000004
SIGILL: [libjvm.so+0x7cc4d0], sa_mask[0]=0x7ffbfeff, sa_flags=0x10000004
SIGUSR1: SIG_DFL, sa_mask[0]=0x00000000, sa_flags=0x00000000
SIGUSR2: [libjvm.so+0x7cc370], sa_mask[0]=0x00000000, sa_flags=0x10000004
SIGHUP: SIG_DFL, sa_mask[0]=0x00000000, sa_flags=0x00000000
SIGINT: SIG_DFL, sa_mask[0]=0x00000000, sa_flags=0x00000000
SIGTERM: SIG_DFL, sa_mask[0]=0x00000000, sa_flags=0x00000000
SIGQUIT: SIG_DFL, sa_mask[0]=0x00000000, sa_flags=0x00000000
SIGTRAP: SIG_DFL, sa_mask[0]=0x00000000, sa_flags=0x00000000


---------------  S Y S T E M  ---------------

OS:Ubuntu 14.04 (trusty)
uname:Linux 3.13.0-91-generic #138-Ubuntu SMP Fri Jun 24 17:00:34 UTC 2016 x86_64
libc:glibc 2.19 NPTL 2.19 
rlimit: STACK 8192k, CORE 0k, NPROC 127573, NOFILE 4096, AS infinity
load average:1.15 0.87 0.61

/proc/meminfo:
MemTotal:       16352312 kB
MemFree:          135436 kB
Buffers:            5916 kB
Cached:          2749544 kB
SwapCached:            0 kB
Active:         14010052 kB
Inactive:        1716732 kB
Active(anon):   13968360 kB
Inactive(anon):  1673980 kB
Active(file):      41692 kB
Inactive(file):    42752 kB
Unevictable:         120 kB
Mlocked:             120 kB
SwapTotal:       4194300 kB
SwapFree:              0 kB
Dirty:                 0 kB
Writeback:             0 kB
AnonPages:      12972528 kB
Mapped:          1057632 kB
Shmem:           2670116 kB
Slab:             168836 kB
SReclaimable:      87836 kB
SUnreclaim:        81000 kB
KernelStack:        9280 kB
PageTables:       141820 kB
NFS_Unstable:          0 kB
Bounce:                0 kB
WritebackTmp:          0 kB
CommitLimit:    12370456 kB
Committed_AS:   36858948 kB
VmallocTotal:   34359738367 kB
VmallocUsed:      374316 kB
VmallocChunk:   34359285708 kB
HardwareCorrupted:     0 kB
AnonHugePages:   3008512 kB
HugePages_Total:       0
HugePages_Free:        0
HugePages_Rsvd:        0
HugePages_Surp:        0
Hugepagesize:       2048 kB
DirectMap4k:       82252 kB
DirectMap2M:     2981888 kB
DirectMap1G:    13631488 kB


CPU:total 8 (4 cores per cpu, 2 threads per core) family 6 model 60 stepping 3, cmov, cx8, fxsr, mmx, sse, sse2, sse3, ssse3, sse4.1, sse4.2, popcnt, avx, avx2, aes, erms, ht, tsc, tscinvbit

/proc/cpuinfo:
processor	: 0
vendor_id	: GenuineIntel
cpu family	: 6
model		: 60
model name	: Intel(R) Core(TM) i7-4810MQ CPU @ 2.80GHz
stepping	: 3
microcode	: 0x17
cpu MHz		: 800.000
cache size	: 6144 KB
physical id	: 0
siblings	: 8
core id		: 0
cpu cores	: 4
apicid		: 0
initial apicid	: 0
fpu		: yes
fpu_exception	: yes
cpuid level	: 13
wp		: yes
flags		: fpu vme de pse tsc msr pae mce cx8 apic sep mtrr pge mca cmov pat pse36 clflush dts acpi mmx fxsr sse sse2 ss ht tm pbe syscall nx pdpe1gb rdtscp lm constant_tsc arch_perfmon pebs bts rep_good nopl xtopology nonstop_tsc aperfmperf eagerfpu pni pclmulqdq dtes64 monitor ds_cpl vmx smx est tm2 ssse3 fma cx16 xtpr pdcm pcid sse4_1 sse4_2 x2apic movbe popcnt tsc_deadline_timer aes xsave avx f16c rdrand lahf_lm abm ida arat epb xsaveopt pln pts dtherm tpr_shadow vnmi flexpriority ept vpid fsgsbase tsc_adjust bmi1 hle avx2 smep bmi2 erms invpcid rtm
bogomips	: 5587.16
clflush size	: 64
cache_alignment	: 64
address sizes	: 39 bits physical, 48 bits virtual
power management:

processor	: 1
vendor_id	: GenuineIntel
cpu family	: 6
model		: 60
model name	: Intel(R) Core(TM) i7-4810MQ CPU @ 2.80GHz
stepping	: 3
microcode	: 0x17
cpu MHz		: 2801.000
cache size	: 6144 KB
physical id	: 0
siblings	: 8
core id		: 1
cpu cores	: 4
apicid		: 2
initial apicid	: 2
fpu		: yes
fpu_exception	: yes
cpuid level	: 13
wp		: yes
flags		: fpu vme de pse tsc msr pae mce cx8 apic sep mtrr pge mca cmov pat pse36 clflush dts acpi mmx fxsr sse sse2 ss ht tm pbe syscall nx pdpe1gb rdtscp lm constant_tsc arch_perfmon pebs bts rep_good nopl xtopology nonstop_tsc aperfmperf eagerfpu pni pclmulqdq dtes64 monitor ds_cpl vmx smx est tm2 ssse3 fma cx16 xtpr pdcm pcid sse4_1 sse4_2 x2apic movbe popcnt tsc_deadline_timer aes xsave avx f16c rdrand lahf_lm abm ida arat epb xsaveopt pln pts dtherm tpr_shadow vnmi flexpriority ept vpid fsgsbase tsc_adjust bmi1 hle avx2 smep bmi2 erms invpcid rtm
bogomips	: 5587.16
clflush size	: 64
cache_alignment	: 64
address sizes	: 39 bits physical, 48 bits virtual
power management:

processor	: 2
vendor_id	: GenuineIntel
cpu family	: 6
model		: 60
model name	: Intel(R) Core(TM) i7-4810MQ CPU @ 2.80GHz
stepping	: 3
microcode	: 0x17
cpu MHz		: 800.000
cache size	: 6144 KB
physical id	: 0
siblings	: 8
core id		: 2
cpu cores	: 4
apicid		: 4
initial apicid	: 4
fpu		: yes
fpu_exception	: yes
cpuid level	: 13
wp		: yes
flags		: fpu vme de pse tsc msr pae mce cx8 apic sep mtrr pge mca cmov pat pse36 clflush dts acpi mmx fxsr sse sse2 ss ht tm pbe syscall nx pdpe1gb rdtscp lm constant_tsc arch_perfmon pebs bts rep_good nopl xtopology nonstop_tsc aperfmperf eagerfpu pni pclmulqdq dtes64 monitor ds_cpl vmx smx est tm2 ssse3 fma cx16 xtpr pdcm pcid sse4_1 sse4_2 x2apic movbe popcnt tsc_deadline_timer aes xsave avx f16c rdrand lahf_lm abm ida arat epb xsaveopt pln pts dtherm tpr_shadow vnmi flexpriority ept vpid fsgsbase tsc_adjust bmi1 hle avx2 smep bmi2 erms invpcid rtm
bogomips	: 5587.16
clflush size	: 64
cache_alignment	: 64
address sizes	: 39 bits physical, 48 bits virtual
power management:

processor	: 3
vendor_id	: GenuineIntel
cpu family	: 6
model		: 60
model name	: Intel(R) Core(TM) i7-4810MQ CPU @ 2.80GHz
stepping	: 3
microcode	: 0x17
cpu MHz		: 800.000
cache size	: 6144 KB
physical id	: 0
siblings	: 8
core id		: 3
cpu cores	: 4
apicid		: 6
initial apicid	: 6
fpu		: yes
fpu_exception	: yes
cpuid level	: 13
wp		: yes
flags		: fpu vme de pse tsc msr pae mce cx8 apic sep mtrr pge mca cmov pat pse36 clflush dts acpi mmx fxsr sse sse2 ss ht tm pbe syscall nx pdpe1gb rdtscp lm constant_tsc arch_perfmon pebs bts rep_good nopl xtopology nonstop_tsc aperfmperf eagerfpu pni pclmulqdq dtes64 monitor ds_cpl vmx smx est tm2 ssse3 fma cx16 xtpr pdcm pcid sse4_1 sse4_2 x2apic movbe popcnt tsc_deadline_timer aes xsave avx f16c rdrand lahf_lm abm ida arat epb xsaveopt pln pts dtherm tpr_shadow vnmi flexpriority ept vpid fsgsbase tsc_adjust bmi1 hle avx2 smep bmi2 erms invpcid rtm
bogomips	: 5587.16
clflush size	: 64
cache_alignment	: 64
address sizes	: 39 bits physical, 48 bits virtual
power management:

processor	: 4
vendor_id	: GenuineIntel
cpu family	: 6
model		: 60
model name	: Intel(R) Core(TM) i7-4810MQ CPU @ 2.80GHz
stepping	: 3
microcode	: 0x17
cpu MHz		: 800.000
cache size	: 6144 KB
physical id	: 0
siblings	: 8
core id		: 0
cpu cores	: 4
apicid		: 1
initial apicid	: 1
fpu		: yes
fpu_exception	: yes
cpuid level	: 13
wp		: yes
flags		: fpu vme de pse tsc msr pae mce cx8 apic sep mtrr pge mca cmov pat pse36 clflush dts acpi mmx fxsr sse sse2 ss ht tm pbe syscall nx pdpe1gb rdtscp lm constant_tsc arch_perfmon pebs bts rep_good nopl xtopology nonstop_tsc aperfmperf eagerfpu pni pclmulqdq dtes64 monitor ds_cpl vmx smx est tm2 ssse3 fma cx16 xtpr pdcm pcid sse4_1 sse4_2 x2apic movbe popcnt tsc_deadline_timer aes xsave avx f16c rdrand lahf_lm abm ida arat epb xsaveopt pln pts dtherm tpr_shadow vnmi flexpriority ept vpid fsgsbase tsc_adjust bmi1 hle avx2 smep bmi2 erms invpcid rtm
bogomips	: 5587.16
clflush size	: 64
cache_alignment	: 64
address sizes	: 39 bits physical, 48 bits virtual
power management:

processor	: 5
vendor_id	: GenuineIntel
cpu family	: 6
model		: 60
model name	: Intel(R) Core(TM) i7-4810MQ CPU @ 2.80GHz
stepping	: 3
microcode	: 0x17
cpu MHz		: 800.000
cache size	: 6144 KB
physical id	: 0
siblings	: 8
core id		: 1
cpu cores	: 4
apicid		: 3
initial apicid	: 3
fpu		: yes
fpu_exception	: yes
cpuid level	: 13
wp		: yes
flags		: fpu vme de pse tsc msr pae mce cx8 apic sep mtrr pge mca cmov pat pse36 clflush dts acpi mmx fxsr sse sse2 ss ht tm pbe syscall nx pdpe1gb rdtscp lm constant_tsc arch_perfmon pebs bts rep_good nopl xtopology nonstop_tsc aperfmperf eagerfpu pni pclmulqdq dtes64 monitor ds_cpl vmx smx est tm2 ssse3 fma cx16 xtpr pdcm pcid sse4_1 sse4_2 x2apic movbe popcnt tsc_deadline_timer aes xsave avx f16c rdrand lahf_lm abm ida arat epb xsaveopt pln pts dtherm tpr_shadow vnmi flexpriority ept vpid fsgsbase tsc_adjust bmi1 hle avx2 smep bmi2 erms invpcid rtm
bogomips	: 5587.16
clflush size	: 64
cache_alignment	: 64
address sizes	: 39 bits physical, 48 bits virtual
power management:

processor	: 6
vendor_id	: GenuineIntel
cpu family	: 6
model		: 60
model name	: Intel(R) Core(TM) i7-4810MQ CPU @ 2.80GHz
stepping	: 3
microcode	: 0x17
cpu MHz		: 800.000
cache size	: 6144 KB
physical id	: 0
siblings	: 8
core id		: 2
cpu cores	: 4
apicid		: 5
initial apicid	: 5
fpu		: yes
fpu_exception	: yes
cpuid level	: 13
wp		: yes
flags		: fpu vme de pse tsc msr pae mce cx8 apic sep mtrr pge mca cmov pat pse36 clflush dts acpi mmx fxsr sse sse2 ss ht tm pbe syscall nx pdpe1gb rdtscp lm constant_tsc arch_perfmon pebs bts rep_good nopl xtopology nonstop_tsc aperfmperf eagerfpu pni pclmulqdq dtes64 monitor ds_cpl vmx smx est tm2 ssse3 fma cx16 xtpr pdcm pcid sse4_1 sse4_2 x2apic movbe popcnt tsc_deadline_timer aes xsave avx f16c rdrand lahf_lm abm ida arat epb xsaveopt pln pts dtherm tpr_shadow vnmi flexpriority ept vpid fsgsbase tsc_adjust bmi1 hle avx2 smep bmi2 erms invpcid rtm
bogomips	: 5587.16
clflush size	: 64
cache_alignment	: 64
address sizes	: 39 bits physical, 48 bits virtual
power management:

processor	: 7
vendor_id	: GenuineIntel
cpu family	: 6
model		: 60
model name	: Intel(R) Core(TM) i7-4810MQ CPU @ 2.80GHz
stepping	: 3
microcode	: 0x17
cpu MHz		: 2801.000
cache size	: 6144 KB
physical id	: 0
siblings	: 8
core id		: 3
cpu cores	: 4
apicid		: 7
initial apicid	: 7
fpu		: yes
fpu_exception	: yes
cpuid level	: 13
wp		: yes
flags		: fpu vme de pse tsc msr pae mce cx8 apic sep mtrr pge mca cmov pat pse36 clflush dts acpi mmx fxsr sse sse2 ss ht tm pbe syscall nx pdpe1gb rdtscp lm constant_tsc arch_perfmon pebs bts rep_good nopl xtopology nonstop_tsc aperfmperf eagerfpu pni pclmulqdq dtes64 monitor ds_cpl vmx smx est tm2 ssse3 fma cx16 xtpr pdcm pcid sse4_1 sse4_2 x2apic movbe popcnt tsc_deadline_timer aes xsave avx f16c rdrand lahf_lm abm ida arat epb xsaveopt pln pts dtherm tpr_shadow vnmi flexpriority ept vpid fsgsbase tsc_adjust bmi1 hle avx2 smep bmi2 erms invpcid rtm
bogomips	: 5587.16
clflush size	: 64
cache_alignment	: 64
address sizes	: 39 bits physical, 48 bits virtual
power management:



Memory: 4k page, physical 16352312k(135436k free), swap 4194300k(0k free)

vm_info: OpenJDK 64-Bit Server VM (24.95-b01) for linux-amd64 JRE (1.7.0_101-b00), built on Apr 24 2016 20:39:29 by "buildd" with gcc 4.8.2

time: Sat Jul  9 22:05:11 2016
elapsed time: 0 seconds

